<?xml version="1.0" encoding="UTF-8" standalone="no"?>
<testsuite failures="0" name="cucumber.runtime.formatter.JUnitFormatter" skipped="1" tests="2" time="37.936567">
<testcase classname="Free CRM Login feature" name="Free CRM login test scenario" time="37.936567">
<system-out><![CDATA[Given user is on login page.................................................passed
When title of the page is cogmento CRM......................................passed
Then user enters username and password......................................passed
Then user click on login button.............................................passed
Then user will move to home page............................................passed
]]></system-out>
</testcase>
<testcase classname="Free CRM Login feature" name="Create Contact test" time="0">
<skipped><![CDATA[When user is in contact page................................................undefined
Then user clicks on new button..............................................undefined
Then user fills the contact details.........................................undefined
Then user clicks on save button.............................................undefined
]]></skipped>
</testcase>
</testsuite>
